<?xml version="1.0" encoding="UTF-8"?>
<!-- Generated by org.testng.reporters.JUnitReportReporter -->
<testsuite hostname="NSL-5989" failures="0" tests="2" name="QAClickAcademy.Mavenjava.RestApitest" time="0.022" errors="0" timestamp="2022-01-15T00:20:26 IST" skipped="0">
  <testcase classname="QAClickAcademy.Mavenjava.RestApitest" name="JiraAutomation" time="0.002"/>
  <system-out/>
  <testcase classname="QAClickAcademy.Mavenjava.RestApitest" name="DevOPSTest" time="0.020"/>
  <system-out/>
</testsuite> <!-- QAClickAcademy.Mavenjava.RestApitest -->
