<?xml version="1.0" encoding="UTF-8"?>
<!-- Generated by org.testng.reporters.JUnitReportReporter -->
<testsuite hostname="NSL-5989" failures="0" tests="2" name="QAClickAcademy.Mavenjava.Seleniumtest" time="0.005" errors="0" timestamp="2022-01-15T00:20:26 IST" skipped="0">
  <testcase classname="QAClickAcademy.Mavenjava.Seleniumtest" name="BrowserAutomation" time="0.002"/>
  <system-out/>
  <testcase classname="QAClickAcademy.Mavenjava.Seleniumtest" name="elementui" time="0.003"/>
  <system-out/>
</testsuite> <!-- QAClickAcademy.Mavenjava.Seleniumtest -->
